<?xml version="1.0" encoding="UTF-8"?>
<testng-results skipped="0" failed="0" total="1" passed="1">
  <reporter-output>
  </reporter-output>
  <suite name="zhkj.TestJsq" duration-ms="9582" started-at="2019-01-03T09:31:58Z" finished-at="2019-01-03T09:32:08Z">
    <groups>
    </groups>
    <test name="Command line test" duration-ms="9582" started-at="2019-01-03T09:31:58Z" finished-at="2019-01-03T09:32:08Z">
      <class name="zhkj.TestJsq">
        <test-method status="PASS" signature="setup()[pri:0, instance:zhkj.TestJsq@36f6e879]" name="setup" is-config="true" duration-ms="3945" started-at="2019-01-03T17:31:58Z" finished-at="2019-01-03T17:32:02Z">
          <reporter-output>
          </reporter-output>
        </test-method> <!-- setup -->
        <test-method status="PASS" signature="plus()[pri:0, instance:zhkj.TestJsq@36f6e879]" name="plus" duration-ms="3865" started-at="2019-01-03T17:32:02Z" finished-at="2019-01-03T17:32:06Z">
          <reporter-output>
          </reporter-output>
        </test-method> <!-- plus -->
        <test-method status="PASS" signature="tearDown()[pri:0, instance:zhkj.TestJsq@36f6e879]" name="tearDown" is-config="true" duration-ms="1765" started-at="2019-01-03T17:32:06Z" finished-at="2019-01-03T17:32:08Z">
          <reporter-output>
          </reporter-output>
        </test-method> <!-- tearDown -->
      </class> <!-- zhkj.TestJsq -->
    </test> <!-- Command line test -->
  </suite> <!-- zhkj.TestJsq -->
</testng-results>
