<?xml version="1.0" encoding="UTF-8"?>
<testng-results skipped="0" failed="0" total="1" passed="1">
  <reporter-output>
  </reporter-output>
  <suite name="Default suite" duration-ms="10099" started-at="2019-01-03T09:24:20Z" finished-at="2019-01-03T09:24:30Z">
    <groups>
    </groups>
    <test name="Default test" duration-ms="10099" started-at="2019-01-03T09:24:20Z" finished-at="2019-01-03T09:24:30Z">
      <class name="zhkj.test.jsqTest">
        <test-method status="PASS" signature="setup()[pri:0, instance:zhkj.test.jsqTest@3fee9989]" name="setup" is-config="true" duration-ms="5704" started-at="2019-01-03T17:24:20Z" finished-at="2019-01-03T17:24:26Z">
          <reporter-output>
          </reporter-output>
        </test-method> <!-- setup -->
        <test-method status="PASS" signature="plus()[pri:0, instance:zhkj.test.jsqTest@3fee9989]" name="plus" duration-ms="2618" started-at="2019-01-03T17:24:26Z" finished-at="2019-01-03T17:24:28Z">
          <reporter-output>
          </reporter-output>
        </test-method> <!-- plus -->
        <test-method status="PASS" signature="tearDown()[pri:0, instance:zhkj.test.jsqTest@3fee9989]" name="tearDown" is-config="true" duration-ms="1768" started-at="2019-01-03T17:24:28Z" finished-at="2019-01-03T17:24:30Z">
          <reporter-output>
          </reporter-output>
        </test-method> <!-- tearDown -->
      </class> <!-- zhkj.test.jsqTest -->
    </test> <!-- Default test -->
  </suite> <!-- Default suite -->
</testng-results>
